# JRE version: Java(TM) SE Runtime Environment (16.0.2+7) (build 16.0.2+7-67)
# Java VM: Java HotSpot(TM) 64-Bit Server VM (16.0.2+7-67, mixed mode, sharing, tiered, compressed oops, compressed class ptrs, g1 gc, windows-amd64)
GC Precious Log:
 CPUs: 4 total, 4 available
 Memory: 16342M
 Large Page Support: Disabled
 NUMA Support: Disabled
 Compressed Oops: Enabled (32-bit)
 Heap Region Size: 1M
 Heap Min Capacity: 8M
 Heap Initial Capacity: 256M
 Heap Max Capacity: 2G
 Pre-touch: Disabled
 Parallel Workers: 4
 Concurrent Workers: 1
 Concurrent Refinement Workers: 4
 Periodic GC: Disabled
Heap:
 garbage-first heap   total 229376K, used 110135K [0x0000000080000000, 0x0000000100000000)
  region size 1024K, 20 young (20480K), 1 survivors (1024K)
 Metaspace       used 97500K, committed 98176K, reserved 1138688K
  class space    used 12425K, committed 12800K, reserved 1048576K
GC Heap History (20 events):
Event: 12.495 GC heap before
{Heap before GC invocations=42 (full 0):
 garbage-first heap   total 179200K, used 133891K [0x0000000080000000, 0x0000000100000000)
  region size 1024K, 45 young (46080K), 2 survivors (2048K)
 Metaspace       used 77297K, committed 77824K, reserved 1122304K
  class space    used 10171K, committed 10432K, reserved 1048576K
}
Event: 12.501 GC heap after
{Heap after GC invocations=43 (full 0):
 garbage-first heap   total 179200K, used 92885K [0x0000000080000000, 0x0000000100000000)
  region size 1024K, 4 young (4096K), 4 survivors (4096K)
 Metaspace       used 77297K, committed 77824K, reserved 1122304K
  class space    used 10171K, committed 10432K, reserved 1048576K
}
Event: 13.001 GC heap before
{Heap before GC invocations=44 (full 0):
 garbage-first heap   total 179200K, used 136196K [0x0000000080000000, 0x0000000100000000)
  region size 1024K, 48 young (49152K), 4 survivors (4096K)
 Metaspace       used 79172K, committed 79744K, reserved 1122304K
  class space    used 10428K, committed 10688K, reserved 1048576K
}
Event: 13.007 GC heap after
{Heap after GC invocations=45 (full 0):
 garbage-first heap   total 179200K, used 94382K [0x0000000080000000, 0x0000000100000000)
  region size 1024K, 5 young (5120K), 5 survivors (5120K)
 Metaspace       used 79172K, committed 79744K, reserved 1122304K
  class space    used 10428K, committed 10688K, reserved 1048576K
}
Event: 13.036 GC heap before
{Heap before GC invocations=45 (full 0):
 garbage-first heap   total 179200K, used 96430K [0x0000000080000000, 0x0000000100000000)
  region size 1024K, 8 young (8192K), 5 survivors (5120K)
 Metaspace       used 79268K, committed 79808K, reserved 1122304K
  class space    used 10447K, committed 10688K, reserved 1048576K
}
Event: 13.044 GC heap after
{Heap after GC invocations=46 (full 0):
 garbage-first heap   total 215040K, used 81856K [0x0000000080000000, 0x0000000100000000)
  region size 1024K, 1 young (1024K), 1 survivors (1024K)
 Metaspace       used 79268K, committed 79808K, reserved 1122304K
  class space    used 10447K, committed 10688K, reserved 1048576K
}
Event: 14.130 GC heap before
{Heap before GC invocations=46 (full 0):
 garbage-first heap   total 215040K, used 159680K [0x0000000080000000, 0x0000000100000000)
  region size 1024K, 77 young (78848K), 1 survivors (1024K)
 Metaspace       used 81383K, committed 81984K, reserved 1122304K
  class space    used 10663K, committed 11008K, reserved 1048576K
}
Event: 14.140 GC heap after
{Heap after GC invocations=47 (full 0):
 garbage-first heap   total 215040K, used 93754K [0x0000000080000000, 0x0000000100000000)
  region size 1024K, 10 young (10240K), 10 survivors (10240K)
 Metaspace       used 81383K, committed 81984K, reserved 1122304K
  class space    used 10663K, committed 11008K, reserved 1048576K
}
Event: 14.944 GC heap before
{Heap before GC invocations=47 (full 0):
 garbage-first heap   total 215040K, used 172602K [0x0000000080000000, 0x0000000100000000)
  region size 1024K, 78 young (79872K), 10 survivors (10240K)
 Metaspace       used 82333K, committed 82944K, reserved 1122304K
  class space    used 10740K, committed 11072K, reserved 1048576K
}
Event: 14.961 GC heap after
{Heap after GC invocations=48 (full 0):
 garbage-first heap   total 215040K, used 108498K [0x0000000080000000, 0x0000000100000000)
  region size 1024K, 10 young (10240K), 10 survivors (10240K)
 Metaspace       used 82333K, committed 82944K, reserved 1122304K
  class space    used 10740K, committed 11072K, reserved 1048576K
}
Event: 15.219 GC heap before
{Heap before GC invocations=48 (full 0):
 garbage-first heap   total 215040K, used 156626K [0x0000000080000000, 0x0000000100000000)
  region size 1024K, 59 young (60416K), 10 survivors (10240K)
 Metaspace       used 82934K, committed 83584K, reserved 1122304K
  class space    used 10785K, committed 11136K, reserved 1048576K
}
Event: 15.230 GC heap after
{Heap after GC invocations=49 (full 0):
 garbage-first heap   total 215040K, used 113994K [0x0000000080000000, 0x0000000100000000)
  region size 1024K, 6 young (6144K), 6 survivors (6144K)
 Metaspace       used 82934K, committed 83584K, reserved 1122304K
  class space    used 10785K, committed 11136K, reserved 1048576K
}
Event: 15.820 GC heap before
{Heap before GC invocations=50 (full 0):
 garbage-first heap   total 229376K, used 181578K [0x0000000080000000, 0x0000000100000000)
  region size 1024K, 59 young (60416K), 6 survivors (6144K)
 Metaspace       used 85694K, committed 86336K, reserved 1130496K
  class space    used 10977K, committed 11328K, reserved 1048576K
}
Event: 15.828 GC heap after
{Heap after GC invocations=51 (full 0):
 garbage-first heap   total 229376K, used 116396K [0x0000000080000000, 0x0000000100000000)
  region size 1024K, 7 young (7168K), 7 survivors (7168K)
 Metaspace       used 85694K, committed 86336K, reserved 1130496K
  class space    used 10977K, committed 11328K, reserved 1048576K
}
Event: 16.423 GC heap before
{Heap before GC invocations=51 (full 0):
 garbage-first heap   total 229376K, used 179884K [0x0000000080000000, 0x0000000100000000)
  region size 1024K, 69 young (70656K), 7 survivors (7168K)
 Metaspace       used 86527K, committed 87168K, reserved 1130496K
  class space    used 11066K, committed 11392K, reserved 1048576K
}
Event: 16.426 GC heap after
{Heap after GC invocations=52 (full 0):
 garbage-first heap   total 229376K, used 111690K [0x0000000080000000, 0x0000000100000000)
  region size 1024K, 2 young (2048K), 2 survivors (2048K)
 Metaspace       used 86527K, committed 87168K, reserved 1130496K
  class space    used 11066K, committed 11392K, reserved 1048576K
}
Event: 17.945 GC heap before
{Heap before GC invocations=53 (full 0):
 garbage-first heap   total 229376K, used 175178K [0x0000000080000000, 0x0000000100000000)
  region size 1024K, 70 young (71680K), 2 survivors (2048K)
 Metaspace       used 90441K, committed 91072K, reserved 1130496K
  class space    used 11558K, committed 11840K, reserved 1048576K
}
Event: 17.952 GC heap after
{Heap after GC invocations=54 (full 0):
 garbage-first heap   total 229376K, used 108411K [0x0000000080000000, 0x0000000100000000)
  region size 1024K, 6 young (6144K), 6 survivors (6144K)
 Metaspace       used 90441K, committed 91072K, reserved 1130496K
  class space    used 11558K, committed 11840K, reserved 1048576K
}
Event: 19.617 GC heap before
{Heap before GC invocations=54 (full 0):
 garbage-first heap   total 229376K, used 112507K [0x0000000080000000, 0x0000000100000000)
  region size 1024K, 11 young (11264K), 6 survivors (6144K)
 Metaspace       used 90695K, committed 91392K, reserved 1130496K
  class space    used 11602K, committed 11968K, reserved 1048576K
}
Event: 19.625 GC heap after
{Heap after GC invocations=55 (full 0):
 garbage-first heap   total 229376K, used 89655K [0x0000000080000000, 0x0000000100000000)
  region size 1024K, 1 young (1024K), 1 survivors (1024K)
 Metaspace       used 90695K, committed 91392K, reserved 1130496K
  class space    used 11602K, committed 11968K, reserved 1048576K
}

