# JRE version: Java(TM) SE Runtime Environment (16.0.2+7) (build 16.0.2+7-67)
# Java VM: Java HotSpot(TM) 64-Bit Server VM (16.0.2+7-67, mixed mode, sharing, tiered, compressed oops, compressed class ptrs, g1 gc, windows-amd64)
GC Precious Log:
 CPUs: 4 total, 4 available
 Memory: 16342M
 Large Page Support: Disabled
 NUMA Support: Disabled
 Compressed Oops: Enabled (32-bit)
 Heap Region Size: 1M
 Heap Min Capacity: 8M
 Heap Initial Capacity: 256M
 Heap Max Capacity: 2G
 Pre-touch: Disabled
 Parallel Workers: 4
 Concurrent Workers: 1
 Concurrent Refinement Workers: 4
 Periodic GC: Disabled
Heap:
 garbage-first heap   total 193536K, used 147278K [0x0000000080000000, 0x0000000100000000)
  region size 1024K, 40 young (40960K), 4 survivors (4096K)
 Metaspace       used 97098K, committed 98112K, reserved 1138688K
  class space    used 12502K, committed 12992K, reserved 1048576K
GC Heap History (20 events):
Event: 9.947 GC heap before
{Heap before GC invocations=29 (full 0):
 garbage-first heap   total 165888K, used 133218K [0x0000000080000000, 0x0000000100000000)
  region size 1024K, 53 young (54272K), 6 survivors (6144K)
 Metaspace       used 71573K, committed 72192K, reserved 1114112K
  class space    used 9648K, committed 9920K, reserved 1048576K
}
Event: 9.954 GC heap after
{Heap after GC invocations=30 (full 0):
 garbage-first heap   total 165888K, used 87772K [0x0000000080000000, 0x0000000100000000)
  region size 1024K, 3 young (3072K), 3 survivors (3072K)
 Metaspace       used 71573K, committed 72192K, reserved 1114112K
  class space    used 9648K, committed 9920K, reserved 1048576K
}
Event: 10.860 GC heap before
{Heap before GC invocations=30 (full 0):
 garbage-first heap   total 165888K, used 133852K [0x0000000080000000, 0x0000000100000000)
  region size 1024K, 49 young (50176K), 3 survivors (3072K)
 Metaspace       used 75812K, committed 76608K, reserved 1122304K
  class space    used 10210K, committed 10560K, reserved 1048576K
}
Event: 10.868 GC heap after
{Heap after GC invocations=31 (full 0):
 garbage-first heap   total 165888K, used 92111K [0x0000000080000000, 0x0000000100000000)
  region size 1024K, 7 young (7168K), 7 survivors (7168K)
 Metaspace       used 75812K, committed 76608K, reserved 1122304K
  class space    used 10210K, committed 10560K, reserved 1048576K
}
Event: 11.669 GC heap before
{Heap before GC invocations=32 (full 0):
 garbage-first heap   total 165888K, used 134095K [0x0000000080000000, 0x0000000100000000)
  region size 1024K, 49 young (50176K), 7 survivors (7168K)
 Metaspace       used 80130K, committed 80896K, reserved 1122304K
  class space    used 10738K, committed 11072K, reserved 1048576K
}
Event: 11.677 GC heap after
{Heap after GC invocations=33 (full 0):
 garbage-first heap   total 165888K, used 96015K [0x0000000080000000, 0x0000000100000000)
  region size 1024K, 4 young (4096K), 4 survivors (4096K)
 Metaspace       used 80130K, committed 80896K, reserved 1122304K
  class space    used 10738K, committed 11072K, reserved 1048576K
}
Event: 12.144 GC heap before
{Heap before GC invocations=33 (full 0):
 garbage-first heap   total 165888K, used 135951K [0x0000000080000000, 0x0000000100000000)
  region size 1024K, 43 young (44032K), 4 survivors (4096K)
 Metaspace       used 81842K, committed 82688K, reserved 1122304K
  class space    used 10944K, committed 11328K, reserved 1048576K
}
Event: 12.151 GC heap after
{Heap after GC invocations=34 (full 0):
 garbage-first heap   total 165888K, used 99670K [0x0000000080000000, 0x0000000100000000)
  region size 1024K, 4 young (4096K), 4 survivors (4096K)
 Metaspace       used 81842K, committed 82688K, reserved 1122304K
  class space    used 10944K, committed 11328K, reserved 1048576K
}
Event: 12.804 GC heap before
{Heap before GC invocations=35 (full 0):
 garbage-first heap   total 176128K, used 135510K [0x0000000080000000, 0x0000000100000000)
  region size 1024K, 40 young (40960K), 4 survivors (4096K)
 Metaspace       used 84461K, committed 85312K, reserved 1130496K
  class space    used 11265K, committed 11648K, reserved 1048576K
}
Event: 12.810 GC heap after
{Heap after GC invocations=36 (full 0):
 garbage-first heap   total 176128K, used 102989K [0x0000000080000000, 0x0000000100000000)
  region size 1024K, 3 young (3072K), 3 survivors (3072K)
 Metaspace       used 84461K, committed 85312K, reserved 1130496K
  class space    used 11265K, committed 11648K, reserved 1048576K
}
Event: 13.257 GC heap before
{Heap before GC invocations=36 (full 0):
 garbage-first heap   total 176128K, used 143949K [0x0000000080000000, 0x0000000100000000)
  region size 1024K, 44 young (45056K), 3 survivors (3072K)
 Metaspace       used 87264K, committed 88000K, reserved 1130496K
  class space    used 11636K, committed 11968K, reserved 1048576K
}
Event: 13.262 GC heap after
{Heap after GC invocations=37 (full 0):
 garbage-first heap   total 176128K, used 104783K [0x0000000080000000, 0x0000000100000000)
  region size 1024K, 5 young (5120K), 5 survivors (5120K)
 Metaspace       used 87264K, committed 88000K, reserved 1130496K
  class space    used 11636K, committed 11968K, reserved 1048576K
}
Event: 13.662 GC heap before
{Heap before GC invocations=38 (full 0):
 garbage-first heap   total 189440K, used 139599K [0x0000000080000000, 0x0000000100000000)
  region size 1024K, 40 young (40960K), 5 survivors (5120K)
 Metaspace       used 89503K, committed 90304K, reserved 1130496K
  class space    used 11931K, committed 12288K, reserved 1048576K
}
Event: 13.668 GC heap after
{Heap after GC invocations=39 (full 0):
 garbage-first heap   total 189440K, used 107093K [0x0000000080000000, 0x0000000100000000)
  region size 1024K, 5 young (5120K), 5 survivors (5120K)
 Metaspace       used 89503K, committed 90304K, reserved 1130496K
  class space    used 11931K, committed 12288K, reserved 1048576K
}
Event: 30.216 GC heap before
{Heap before GC invocations=40 (full 0):
 garbage-first heap   total 191488K, used 156245K [0x0000000080000000, 0x0000000100000000)
  region size 1024K, 53 young (54272K), 5 survivors (5120K)
 Metaspace       used 95464K, committed 96448K, reserved 1138688K
  class space    used 12410K, committed 12864K, reserved 1048576K
}
Event: 30.224 GC heap after
{Heap after GC invocations=41 (full 0):
 garbage-first heap   total 191488K, used 109643K [0x0000000080000000, 0x0000000100000000)
  region size 1024K, 5 young (5120K), 5 survivors (5120K)
 Metaspace       used 95464K, committed 96448K, reserved 1138688K
  class space    used 12410K, committed 12864K, reserved 1048576K
}
Event: 38.376 GC heap before
{Heap before GC invocations=41 (full 0):
 garbage-first heap   total 191488K, used 158795K [0x0000000080000000, 0x0000000100000000)
  region size 1024K, 54 young (55296K), 5 survivors (5120K)
 Metaspace       used 96130K, committed 97216K, reserved 1138688K
  class space    used 12474K, committed 12992K, reserved 1048576K
}
Event: 38.384 GC heap after
{Heap after GC invocations=42 (full 0):
 garbage-first heap   total 191488K, used 110348K [0x0000000080000000, 0x0000000100000000)
  region size 1024K, 4 young (4096K), 4 survivors (4096K)
 Metaspace       used 96130K, committed 97216K, reserved 1138688K
  class space    used 12474K, committed 12992K, reserved 1048576K
}
Event: 46.936 GC heap before
{Heap before GC invocations=43 (full 0):
 garbage-first heap   total 193536K, used 159500K [0x0000000080000000, 0x0000000100000000)
  region size 1024K, 53 young (54272K), 4 survivors (4096K)
 Metaspace       used 96665K, committed 97728K, reserved 1138688K
  class space    used 12494K, committed 12992K, reserved 1048576K
}
Event: 46.943 GC heap after
{Heap after GC invocations=44 (full 0):
 garbage-first heap   total 193536K, used 111438K [0x0000000080000000, 0x0000000100000000)
  region size 1024K, 4 young (4096K), 4 survivors (4096K)
 Metaspace       used 96665K, committed 97728K, reserved 1138688K
  class space    used 12494K, committed 12992K, reserved 1048576K
}

